[0.008s] Invoking command in '/home/shreeya/EECE5554/LAB1/build/gps_msgs': CMAKE_PREFIX_PATH=/opt/ros/humble /usr/bin/cmake /home/shreeya/EECE5554/LAB1/src/gps_msgs -DCMAKE_INSTALL_PREFIX=/home/shreeya/EECE5554/LAB1/install/gps_msgs
[0.050s] -- The C compiler identification is GNU 11.4.0
[0.094s] -- The CXX compiler identification is GNU 11.4.0
[0.099s] -- Detecting C compiler ABI info
[0.158s] -- Detecting C compiler ABI info - done
[0.163s] -- Check for working C compiler: /usr/bin/cc - skipped
[0.163s] -- Detecting C compile features
[0.163s] -- Detecting C compile features - done
[0.165s] -- Detecting CXX compiler ABI info
[0.230s] -- Detecting CXX compiler ABI info - done
[0.235s] -- Check for working CXX compiler: /usr/bin/c++ - skipped
[0.235s] -- Detecting CXX compile features
[0.236s] -- Detecting CXX compile features - done
[0.237s] -- Found ament_cmake: 1.3.11 (/opt/ros/humble/share/ament_cmake/cmake)
[0.352s] -- Found Python3: /usr/bin/python3 (found version "3.10.12") found components: Interpreter 
[0.418s] -- Found std_msgs: 4.2.4 (/opt/ros/humble/share/std_msgs/cmake)
[0.443s] -- Found rosidl_generator_c: 3.1.6 (/opt/ros/humble/share/rosidl_generator_c/cmake)
[0.446s] -- Found rosidl_adapter: 3.1.6 (/opt/ros/humble/share/rosidl_adapter/cmake)
[0.452s] -- Found rosidl_generator_cpp: 3.1.6 (/opt/ros/humble/share/rosidl_generator_cpp/cmake)
[0.460s] -- Using all available rosidl_typesupport_c: rosidl_typesupport_fastrtps_c;rosidl_typesupport_introspection_c
[0.471s] -- Using all available rosidl_typesupport_cpp: rosidl_typesupport_fastrtps_cpp;rosidl_typesupport_introspection_cpp
[0.489s] -- Found rosidl_default_generators: 1.2.0 (/opt/ros/humble/share/rosidl_default_generators/cmake)
[0.701s] -- Found ament_cmake_ros: 0.10.0 (/opt/ros/humble/share/ament_cmake_ros/cmake)
[0.978s] -- Using all available rosidl_typesupport_c: rosidl_typesupport_fastrtps_c;rosidl_typesupport_introspection_c
[1.086s] -- Using all available rosidl_typesupport_cpp: rosidl_typesupport_fastrtps_cpp;rosidl_typesupport_introspection_cpp
[1.103s] -- Found PythonInterp: /usr/bin/python3 (found suitable version "3.10.12", minimum required is "3.6") 
[1.104s] -- Found python_cmake_module: 0.10.0 (/opt/ros/humble/share/python_cmake_module/cmake)
[1.124s] -- Found PythonLibs: /usr/lib/x86_64-linux-gnu/libpython3.10.so (found suitable version "3.10.12", minimum required is "3.5") 
[1.124s] -- Using PYTHON_EXECUTABLE: /usr/bin/python3
[1.124s] -- Using PYTHON_INCLUDE_DIRS: /usr/include/python3.10
[1.124s] -- Using PYTHON_LIBRARIES: /usr/lib/x86_64-linux-gnu/libpython3.10.so
[1.140s] -- Found PythonExtra: .so  
[1.180s] -- Configuring done
[1.207s] -- Generating done
[1.216s] -- Build files have been written to: /home/shreeya/EECE5554/LAB1/build/gps_msgs
[1.223s] Invoked command in '/home/shreeya/EECE5554/LAB1/build/gps_msgs' returned '0': CMAKE_PREFIX_PATH=/opt/ros/humble /usr/bin/cmake /home/shreeya/EECE5554/LAB1/src/gps_msgs -DCMAKE_INSTALL_PREFIX=/home/shreeya/EECE5554/LAB1/install/gps_msgs
[1.225s] Invoking command in '/home/shreeya/EECE5554/LAB1/build/gps_msgs': CMAKE_PREFIX_PATH=/opt/ros/humble /usr/bin/cmake --build /home/shreeya/EECE5554/LAB1/build/gps_msgs -- -j16 -l16
[1.260s] [  3%] [34m[1mGenerating C code for ROS interfaces[0m
[1.269s] [  6%] [34m[1mGenerating C++ code for ROS interfaces[0m
[1.277s] [  6%] Built target ament_cmake_python_copy_gps_msgs
[1.467s] [  9%] [32mBuilding C object CMakeFiles/gps_msgs__rosidl_generator_c.dir/rosidl_generator_c/gps_msgs/msg/detail/gps_msg__functions.c.o[0m
[1.479s] [  9%] Built target gps_msgs__cpp
[1.484s] running egg_info
[1.485s] creating gps_msgs.egg-info
[1.485s] writing gps_msgs.egg-info/PKG-INFO
[1.485s] writing dependency_links to gps_msgs.egg-info/dependency_links.txt
[1.486s] writing top-level names to gps_msgs.egg-info/top_level.txt
[1.486s] writing manifest file 'gps_msgs.egg-info/SOURCES.txt'
[1.488s] reading manifest file 'gps_msgs.egg-info/SOURCES.txt'
[1.488s] writing manifest file 'gps_msgs.egg-info/SOURCES.txt'
[1.489s] [ 16%] [34m[1mGenerating C++ type support for eProsima Fast-RTPS[0m
[1.490s] [ 16%] [34m[1mGenerating C++ introspection for ROS interfaces[0m
[1.490s] [ 19%] [34m[1mGenerating C++ type support dispatch for ROS interfaces[0m
[1.510s] [ 22%] [32m[1mLinking C shared library libgps_msgs__rosidl_generator_c.so[0m
[1.528s] [ 22%] Built target ament_cmake_python_build_gps_msgs_egg
[1.549s] [ 22%] Built target gps_msgs__rosidl_generator_c
[1.559s] [ 29%] [34m[1mGenerating C type support for eProsima Fast-RTPS[0m
[1.559s] [ 29%] [34m[1mGenerating C type support dispatch for ROS interfaces[0m
[1.559s] [ 32%] [34m[1mGenerating C introspection for ROS interfaces[0m
[1.696s] [ 35%] [32mBuilding CXX object CMakeFiles/gps_msgs__rosidl_typesupport_cpp.dir/rosidl_typesupport_cpp/gps_msgs/msg/gps_msg__type_support.cpp.o[0m
[1.715s] [ 38%] [32mBuilding CXX object CMakeFiles/gps_msgs__rosidl_typesupport_introspection_cpp.dir/rosidl_typesupport_introspection_cpp/gps_msgs/msg/detail/gps_msg__type_support.cpp.o[0m
[1.732s] [ 41%] [32mBuilding CXX object CMakeFiles/gps_msgs__rosidl_typesupport_fastrtps_cpp.dir/rosidl_typesupport_fastrtps_cpp/gps_msgs/msg/detail/dds_fastrtps/gps_msg__type_support.cpp.o[0m
[1.777s] [ 45%] [32mBuilding CXX object CMakeFiles/gps_msgs__rosidl_typesupport_c.dir/rosidl_typesupport_c/gps_msgs/msg/gps_msg__type_support.cpp.o[0m
[1.794s] [ 48%] [32mBuilding C object CMakeFiles/gps_msgs__rosidl_typesupport_introspection_c.dir/rosidl_typesupport_introspection_c/gps_msgs/msg/detail/gps_msg__type_support.c.o[0m
[1.803s] [ 51%] [32mBuilding CXX object CMakeFiles/gps_msgs__rosidl_typesupport_fastrtps_c.dir/rosidl_typesupport_fastrtps_c/gps_msgs/msg/detail/gps_msg__type_support_c.cpp.o[0m
[1.811s] [ 54%] [32m[1mLinking CXX shared library libgps_msgs__rosidl_typesupport_c.so[0m
[1.831s] [ 58%] [32m[1mLinking C shared library libgps_msgs__rosidl_typesupport_introspection_c.so[0m
[1.855s] [ 58%] Built target gps_msgs__rosidl_typesupport_c
[1.865s] [ 58%] Built target gps_msgs__rosidl_typesupport_introspection_c
[1.934s] [ 61%] [32m[1mLinking CXX shared library libgps_msgs__rosidl_typesupport_cpp.so[0m
[1.975s] [ 61%] Built target gps_msgs__rosidl_typesupport_cpp
[2.043s] [ 64%] [32m[1mLinking CXX shared library libgps_msgs__rosidl_typesupport_introspection_cpp.so[0m
[2.069s] [ 67%] [32m[1mLinking CXX shared library libgps_msgs__rosidl_typesupport_fastrtps_cpp.so[0m
[2.091s] [ 70%] [32m[1mLinking CXX shared library libgps_msgs__rosidl_typesupport_fastrtps_c.so[0m
[2.108s] [ 70%] Built target gps_msgs__rosidl_typesupport_introspection_cpp
[2.150s] [ 70%] Built target gps_msgs__rosidl_typesupport_fastrtps_cpp
[2.167s] [ 70%] Built target gps_msgs__rosidl_typesupport_fastrtps_c
[2.185s] [ 70%] Built target gps_msgs
[2.203s] [ 74%] [34m[1mGenerating Python code for ROS interfaces[0m
[2.436s] [ 74%] Built target gps_msgs__py
[2.454s] [ 77%] [32mBuilding C object CMakeFiles/gps_msgs__rosidl_generator_py.dir/rosidl_generator_py/gps_msgs/msg/_gps_msg_s.c.o[0m
[2.540s] [ 80%] [32m[1mLinking C shared library rosidl_generator_py/gps_msgs/libgps_msgs__rosidl_generator_py.so[0m
[2.574s] [ 80%] Built target gps_msgs__rosidl_generator_py
[2.592s] [ 90%] [32mBuilding C object CMakeFiles/gps_msgs__rosidl_typesupport_fastrtps_c__pyext.dir/rosidl_generator_py/gps_msgs/_gps_msgs_s.ep.rosidl_typesupport_fastrtps_c.c.o[0m
[2.592s] [ 90%] [32mBuilding C object CMakeFiles/gps_msgs__rosidl_typesupport_c__pyext.dir/rosidl_generator_py/gps_msgs/_gps_msgs_s.ep.rosidl_typesupport_c.c.o[0m
[2.592s] [ 90%] [32mBuilding C object CMakeFiles/gps_msgs__rosidl_typesupport_introspection_c__pyext.dir/rosidl_generator_py/gps_msgs/_gps_msgs_s.ep.rosidl_typesupport_introspection_c.c.o[0m
[2.670s] [ 96%] [32m[1mLinking C shared library rosidl_generator_py/gps_msgs/gps_msgs_s__rosidl_typesupport_c.cpython-310-x86_64-linux-gnu.so[0m
[2.670s] [ 96%] [32m[1mLinking C shared library rosidl_generator_py/gps_msgs/gps_msgs_s__rosidl_typesupport_introspection_c.cpython-310-x86_64-linux-gnu.so[0m
[2.675s] [100%] [32m[1mLinking C shared library rosidl_generator_py/gps_msgs/gps_msgs_s__rosidl_typesupport_fastrtps_c.cpython-310-x86_64-linux-gnu.so[0m
[2.702s] [100%] Built target gps_msgs__rosidl_typesupport_introspection_c__pyext
[2.702s] [100%] Built target gps_msgs__rosidl_typesupport_c__pyext
[2.707s] [100%] Built target gps_msgs__rosidl_typesupport_fastrtps_c__pyext
[2.718s] Invoked command in '/home/shreeya/EECE5554/LAB1/build/gps_msgs' returned '0': CMAKE_PREFIX_PATH=/opt/ros/humble /usr/bin/cmake --build /home/shreeya/EECE5554/LAB1/build/gps_msgs -- -j16 -l16
[2.727s] Invoking command in '/home/shreeya/EECE5554/LAB1/build/gps_msgs': CMAKE_PREFIX_PATH=/opt/ros/humble /usr/bin/cmake --install /home/shreeya/EECE5554/LAB1/build/gps_msgs
[2.734s] -- Install configuration: ""
[2.734s] -- Installing: /home/shreeya/EECE5554/LAB1/install/gps_msgs/share/ament_index/resource_index/rosidl_interfaces/gps_msgs
[2.734s] -- Installing: /home/shreeya/EECE5554/LAB1/install/gps_msgs/include/gps_msgs/gps_msgs
[2.734s] -- Installing: /home/shreeya/EECE5554/LAB1/install/gps_msgs/include/gps_msgs/gps_msgs/msg
[2.735s] -- Installing: /home/shreeya/EECE5554/LAB1/install/gps_msgs/include/gps_msgs/gps_msgs/msg/rosidl_generator_c__visibility_control.h
[2.735s] -- Installing: /home/shreeya/EECE5554/LAB1/install/gps_msgs/include/gps_msgs/gps_msgs/msg/gps_msg.h
[2.735s] -- Installing: /home/shreeya/EECE5554/LAB1/install/gps_msgs/include/gps_msgs/gps_msgs/msg/detail
[2.735s] -- Installing: /home/shreeya/EECE5554/LAB1/install/gps_msgs/include/gps_msgs/gps_msgs/msg/detail/gps_msg__functions.h
[2.735s] -- Installing: /home/shreeya/EECE5554/LAB1/install/gps_msgs/include/gps_msgs/gps_msgs/msg/detail/gps_msg__functions.c
[2.735s] -- Installing: /home/shreeya/EECE5554/LAB1/install/gps_msgs/include/gps_msgs/gps_msgs/msg/detail/gps_msg__type_support.h
[2.735s] -- Installing: /home/shreeya/EECE5554/LAB1/install/gps_msgs/include/gps_msgs/gps_msgs/msg/detail/gps_msg__struct.h
[2.735s] -- Installing: /home/shreeya/EECE5554/LAB1/install/gps_msgs/share/gps_msgs/environment/library_path.sh
[2.735s] -- Installing: /home/shreeya/EECE5554/LAB1/install/gps_msgs/share/gps_msgs/environment/library_path.dsv
[2.736s] -- Installing: /home/shreeya/EECE5554/LAB1/install/gps_msgs/lib/libgps_msgs__rosidl_generator_c.so
[2.736s] -- Set runtime path of "/home/shreeya/EECE5554/LAB1/install/gps_msgs/lib/libgps_msgs__rosidl_generator_c.so" to ""
[2.736s] -- Up-to-date: /home/shreeya/EECE5554/LAB1/install/gps_msgs/include/gps_msgs/gps_msgs
[2.736s] -- Up-to-date: /home/shreeya/EECE5554/LAB1/install/gps_msgs/include/gps_msgs/gps_msgs/msg
[2.736s] -- Installing: /home/shreeya/EECE5554/LAB1/install/gps_msgs/include/gps_msgs/gps_msgs/msg/rosidl_typesupport_fastrtps_c__visibility_control.h
[2.736s] -- Up-to-date: /home/shreeya/EECE5554/LAB1/install/gps_msgs/include/gps_msgs/gps_msgs/msg/detail
[2.736s] -- Installing: /home/shreeya/EECE5554/LAB1/install/gps_msgs/include/gps_msgs/gps_msgs/msg/detail/gps_msg__rosidl_typesupport_fastrtps_c.h
[2.736s] -- Installing: /home/shreeya/EECE5554/LAB1/install/gps_msgs/lib/libgps_msgs__rosidl_typesupport_fastrtps_c.so
[2.737s] -- Set runtime path of "/home/shreeya/EECE5554/LAB1/install/gps_msgs/lib/libgps_msgs__rosidl_typesupport_fastrtps_c.so" to ""
[2.737s] -- Up-to-date: /home/shreeya/EECE5554/LAB1/install/gps_msgs/include/gps_msgs/gps_msgs
[2.737s] -- Up-to-date: /home/shreeya/EECE5554/LAB1/install/gps_msgs/include/gps_msgs/gps_msgs/msg
[2.737s] -- Up-to-date: /home/shreeya/EECE5554/LAB1/install/gps_msgs/include/gps_msgs/gps_msgs/msg/detail
[2.737s] -- Installing: /home/shreeya/EECE5554/LAB1/install/gps_msgs/include/gps_msgs/gps_msgs/msg/detail/gps_msg__traits.hpp
[2.737s] -- Installing: /home/shreeya/EECE5554/LAB1/install/gps_msgs/include/gps_msgs/gps_msgs/msg/detail/gps_msg__type_support.hpp
[2.737s] -- Installing: /home/shreeya/EECE5554/LAB1/install/gps_msgs/include/gps_msgs/gps_msgs/msg/detail/gps_msg__builder.hpp
[2.737s] -- Installing: /home/shreeya/EECE5554/LAB1/install/gps_msgs/include/gps_msgs/gps_msgs/msg/detail/gps_msg__struct.hpp
[2.737s] -- Installing: /home/shreeya/EECE5554/LAB1/install/gps_msgs/include/gps_msgs/gps_msgs/msg/gps_msg.hpp
[2.737s] -- Installing: /home/shreeya/EECE5554/LAB1/install/gps_msgs/include/gps_msgs/gps_msgs/msg/rosidl_generator_cpp__visibility_control.hpp
[2.738s] -- Up-to-date: /home/shreeya/EECE5554/LAB1/install/gps_msgs/include/gps_msgs/gps_msgs
[2.738s] -- Up-to-date: /home/shreeya/EECE5554/LAB1/install/gps_msgs/include/gps_msgs/gps_msgs/msg
[2.738s] -- Installing: /home/shreeya/EECE5554/LAB1/install/gps_msgs/include/gps_msgs/gps_msgs/msg/rosidl_typesupport_fastrtps_cpp__visibility_control.h
[2.738s] -- Up-to-date: /home/shreeya/EECE5554/LAB1/install/gps_msgs/include/gps_msgs/gps_msgs/msg/detail
[2.738s] -- Installing: /home/shreeya/EECE5554/LAB1/install/gps_msgs/include/gps_msgs/gps_msgs/msg/detail/gps_msg__rosidl_typesupport_fastrtps_cpp.hpp
[2.738s] -- Installing: /home/shreeya/EECE5554/LAB1/install/gps_msgs/include/gps_msgs/gps_msgs/msg/detail/dds_fastrtps
[2.738s] -- Installing: /home/shreeya/EECE5554/LAB1/install/gps_msgs/lib/libgps_msgs__rosidl_typesupport_fastrtps_cpp.so
[2.738s] -- Set runtime path of "/home/shreeya/EECE5554/LAB1/install/gps_msgs/lib/libgps_msgs__rosidl_typesupport_fastrtps_cpp.so" to ""
[2.738s] -- Up-to-date: /home/shreeya/EECE5554/LAB1/install/gps_msgs/include/gps_msgs/gps_msgs
[2.738s] -- Up-to-date: /home/shreeya/EECE5554/LAB1/install/gps_msgs/include/gps_msgs/gps_msgs/msg
[2.738s] -- Installing: /home/shreeya/EECE5554/LAB1/install/gps_msgs/include/gps_msgs/gps_msgs/msg/rosidl_typesupport_introspection_c__visibility_control.h
[2.738s] -- Up-to-date: /home/shreeya/EECE5554/LAB1/install/gps_msgs/include/gps_msgs/gps_msgs/msg/detail
[2.739s] -- Installing: /home/shreeya/EECE5554/LAB1/install/gps_msgs/include/gps_msgs/gps_msgs/msg/detail/gps_msg__type_support.c
[2.739s] -- Installing: /home/shreeya/EECE5554/LAB1/install/gps_msgs/include/gps_msgs/gps_msgs/msg/detail/gps_msg__rosidl_typesupport_introspection_c.h
[2.739s] -- Installing: /home/shreeya/EECE5554/LAB1/install/gps_msgs/lib/libgps_msgs__rosidl_typesupport_introspection_c.so
[2.739s] -- Set runtime path of "/home/shreeya/EECE5554/LAB1/install/gps_msgs/lib/libgps_msgs__rosidl_typesupport_introspection_c.so" to ""
[2.739s] -- Installing: /home/shreeya/EECE5554/LAB1/install/gps_msgs/lib/libgps_msgs__rosidl_typesupport_c.so
[2.739s] -- Set runtime path of "/home/shreeya/EECE5554/LAB1/install/gps_msgs/lib/libgps_msgs__rosidl_typesupport_c.so" to ""
[2.739s] -- Up-to-date: /home/shreeya/EECE5554/LAB1/install/gps_msgs/include/gps_msgs/gps_msgs
[2.739s] -- Up-to-date: /home/shreeya/EECE5554/LAB1/install/gps_msgs/include/gps_msgs/gps_msgs/msg
[2.739s] -- Up-to-date: /home/shreeya/EECE5554/LAB1/install/gps_msgs/include/gps_msgs/gps_msgs/msg/detail
[2.739s] -- Installing: /home/shreeya/EECE5554/LAB1/install/gps_msgs/include/gps_msgs/gps_msgs/msg/detail/gps_msg__rosidl_typesupport_introspection_cpp.hpp
[2.740s] -- Installing: /home/shreeya/EECE5554/LAB1/install/gps_msgs/include/gps_msgs/gps_msgs/msg/detail/gps_msg__type_support.cpp
[2.740s] -- Installing: /home/shreeya/EECE5554/LAB1/install/gps_msgs/lib/libgps_msgs__rosidl_typesupport_introspection_cpp.so
[2.740s] -- Set runtime path of "/home/shreeya/EECE5554/LAB1/install/gps_msgs/lib/libgps_msgs__rosidl_typesupport_introspection_cpp.so" to ""
[2.740s] -- Installing: /home/shreeya/EECE5554/LAB1/install/gps_msgs/lib/libgps_msgs__rosidl_typesupport_cpp.so
[2.740s] -- Set runtime path of "/home/shreeya/EECE5554/LAB1/install/gps_msgs/lib/libgps_msgs__rosidl_typesupport_cpp.so" to ""
[2.740s] -- Installing: /home/shreeya/EECE5554/LAB1/install/gps_msgs/share/gps_msgs/environment/pythonpath.sh
[2.740s] -- Installing: /home/shreeya/EECE5554/LAB1/install/gps_msgs/share/gps_msgs/environment/pythonpath.dsv
[2.740s] -- Installing: /home/shreeya/EECE5554/LAB1/install/gps_msgs/local/lib/python3.10/dist-packages/gps_msgs-0.0.0-py3.10.egg-info
[2.741s] -- Installing: /home/shreeya/EECE5554/LAB1/install/gps_msgs/local/lib/python3.10/dist-packages/gps_msgs-0.0.0-py3.10.egg-info/top_level.txt
[2.741s] -- Installing: /home/shreeya/EECE5554/LAB1/install/gps_msgs/local/lib/python3.10/dist-packages/gps_msgs-0.0.0-py3.10.egg-info/SOURCES.txt
[2.741s] -- Installing: /home/shreeya/EECE5554/LAB1/install/gps_msgs/local/lib/python3.10/dist-packages/gps_msgs-0.0.0-py3.10.egg-info/PKG-INFO
[2.741s] -- Installing: /home/shreeya/EECE5554/LAB1/install/gps_msgs/local/lib/python3.10/dist-packages/gps_msgs-0.0.0-py3.10.egg-info/dependency_links.txt
[2.741s] -- Installing: /home/shreeya/EECE5554/LAB1/install/gps_msgs/local/lib/python3.10/dist-packages/gps_msgs
[2.741s] -- Installing: /home/shreeya/EECE5554/LAB1/install/gps_msgs/local/lib/python3.10/dist-packages/gps_msgs/gps_msgs_s__rosidl_typesupport_c.cpython-310-x86_64-linux-gnu.so
[2.741s] -- Installing: /home/shreeya/EECE5554/LAB1/install/gps_msgs/local/lib/python3.10/dist-packages/gps_msgs/msg
[2.741s] -- Installing: /home/shreeya/EECE5554/LAB1/install/gps_msgs/local/lib/python3.10/dist-packages/gps_msgs/msg/_gps_msg_s.c
[2.741s] -- Installing: /home/shreeya/EECE5554/LAB1/install/gps_msgs/local/lib/python3.10/dist-packages/gps_msgs/msg/__init__.py
[2.741s] -- Installing: /home/shreeya/EECE5554/LAB1/install/gps_msgs/local/lib/python3.10/dist-packages/gps_msgs/msg/_gps_msg.py
[2.742s] -- Installing: /home/shreeya/EECE5554/LAB1/install/gps_msgs/local/lib/python3.10/dist-packages/gps_msgs/__init__.py
[2.742s] -- Installing: /home/shreeya/EECE5554/LAB1/install/gps_msgs/local/lib/python3.10/dist-packages/gps_msgs/_gps_msgs_s.ep.rosidl_typesupport_introspection_c.c
[2.742s] -- Installing: /home/shreeya/EECE5554/LAB1/install/gps_msgs/local/lib/python3.10/dist-packages/gps_msgs/gps_msgs_s__rosidl_typesupport_introspection_c.cpython-310-x86_64-linux-gnu.so
[2.742s] -- Installing: /home/shreeya/EECE5554/LAB1/install/gps_msgs/local/lib/python3.10/dist-packages/gps_msgs/_gps_msgs_s.ep.rosidl_typesupport_fastrtps_c.c
[2.742s] -- Installing: /home/shreeya/EECE5554/LAB1/install/gps_msgs/local/lib/python3.10/dist-packages/gps_msgs/gps_msgs_s__rosidl_typesupport_fastrtps_c.cpython-310-x86_64-linux-gnu.so
[2.742s] -- Installing: /home/shreeya/EECE5554/LAB1/install/gps_msgs/local/lib/python3.10/dist-packages/gps_msgs/libgps_msgs__rosidl_generator_py.so
[2.742s] -- Installing: /home/shreeya/EECE5554/LAB1/install/gps_msgs/local/lib/python3.10/dist-packages/gps_msgs/_gps_msgs_s.ep.rosidl_typesupport_c.c
[2.768s] Listing '/home/shreeya/EECE5554/LAB1/install/gps_msgs/local/lib/python3.10/dist-packages/gps_msgs'...
[2.768s] Compiling '/home/shreeya/EECE5554/LAB1/install/gps_msgs/local/lib/python3.10/dist-packages/gps_msgs/__init__.py'...
[2.768s] Listing '/home/shreeya/EECE5554/LAB1/install/gps_msgs/local/lib/python3.10/dist-packages/gps_msgs/msg'...
[2.768s] Compiling '/home/shreeya/EECE5554/LAB1/install/gps_msgs/local/lib/python3.10/dist-packages/gps_msgs/msg/__init__.py'...
[2.768s] Compiling '/home/shreeya/EECE5554/LAB1/install/gps_msgs/local/lib/python3.10/dist-packages/gps_msgs/msg/_gps_msg.py'...
[2.772s] -- Installing: /home/shreeya/EECE5554/LAB1/install/gps_msgs/local/lib/python3.10/dist-packages/gps_msgs/gps_msgs_s__rosidl_typesupport_fastrtps_c.cpython-310-x86_64-linux-gnu.so
[2.772s] -- Set runtime path of "/home/shreeya/EECE5554/LAB1/install/gps_msgs/local/lib/python3.10/dist-packages/gps_msgs/gps_msgs_s__rosidl_typesupport_fastrtps_c.cpython-310-x86_64-linux-gnu.so" to ""
[2.772s] -- Installing: /home/shreeya/EECE5554/LAB1/install/gps_msgs/local/lib/python3.10/dist-packages/gps_msgs/gps_msgs_s__rosidl_typesupport_introspection_c.cpython-310-x86_64-linux-gnu.so
[2.772s] -- Set runtime path of "/home/shreeya/EECE5554/LAB1/install/gps_msgs/local/lib/python3.10/dist-packages/gps_msgs/gps_msgs_s__rosidl_typesupport_introspection_c.cpython-310-x86_64-linux-gnu.so" to ""
[2.773s] -- Installing: /home/shreeya/EECE5554/LAB1/install/gps_msgs/local/lib/python3.10/dist-packages/gps_msgs/gps_msgs_s__rosidl_typesupport_c.cpython-310-x86_64-linux-gnu.so
[2.773s] -- Set runtime path of "/home/shreeya/EECE5554/LAB1/install/gps_msgs/local/lib/python3.10/dist-packages/gps_msgs/gps_msgs_s__rosidl_typesupport_c.cpython-310-x86_64-linux-gnu.so" to ""
[2.773s] -- Installing: /home/shreeya/EECE5554/LAB1/install/gps_msgs/lib/libgps_msgs__rosidl_generator_py.so
[2.773s] -- Set runtime path of "/home/shreeya/EECE5554/LAB1/install/gps_msgs/lib/libgps_msgs__rosidl_generator_py.so" to ""
[2.773s] -- Installing: /home/shreeya/EECE5554/LAB1/install/gps_msgs/share/gps_msgs/msg/GpsMsg.idl
[2.773s] -- Installing: /home/shreeya/EECE5554/LAB1/install/gps_msgs/share/gps_msgs/msg/GpsMsg.msg
[2.774s] -- Installing: /home/shreeya/EECE5554/LAB1/install/gps_msgs/share/ament_index/resource_index/package_run_dependencies/gps_msgs
[2.774s] -- Installing: /home/shreeya/EECE5554/LAB1/install/gps_msgs/share/ament_index/resource_index/parent_prefix_path/gps_msgs
[2.774s] -- Installing: /home/shreeya/EECE5554/LAB1/install/gps_msgs/share/gps_msgs/environment/ament_prefix_path.sh
[2.774s] -- Installing: /home/shreeya/EECE5554/LAB1/install/gps_msgs/share/gps_msgs/environment/ament_prefix_path.dsv
[2.774s] -- Installing: /home/shreeya/EECE5554/LAB1/install/gps_msgs/share/gps_msgs/environment/path.sh
[2.774s] -- Installing: /home/shreeya/EECE5554/LAB1/install/gps_msgs/share/gps_msgs/environment/path.dsv
[2.774s] -- Installing: /home/shreeya/EECE5554/LAB1/install/gps_msgs/share/gps_msgs/local_setup.bash
[2.775s] -- Installing: /home/shreeya/EECE5554/LAB1/install/gps_msgs/share/gps_msgs/local_setup.sh
[2.775s] -- Installing: /home/shreeya/EECE5554/LAB1/install/gps_msgs/share/gps_msgs/local_setup.zsh
[2.775s] -- Installing: /home/shreeya/EECE5554/LAB1/install/gps_msgs/share/gps_msgs/local_setup.dsv
[2.775s] -- Installing: /home/shreeya/EECE5554/LAB1/install/gps_msgs/share/gps_msgs/package.dsv
[2.775s] -- Installing: /home/shreeya/EECE5554/LAB1/install/gps_msgs/share/ament_index/resource_index/packages/gps_msgs
[2.775s] -- Installing: /home/shreeya/EECE5554/LAB1/install/gps_msgs/share/gps_msgs/cmake/export_gps_msgs__rosidl_generator_cExport.cmake
[2.775s] -- Installing: /home/shreeya/EECE5554/LAB1/install/gps_msgs/share/gps_msgs/cmake/export_gps_msgs__rosidl_generator_cExport-noconfig.cmake
[2.775s] -- Installing: /home/shreeya/EECE5554/LAB1/install/gps_msgs/share/gps_msgs/cmake/export_gps_msgs__rosidl_typesupport_fastrtps_cExport.cmake
[2.776s] -- Installing: /home/shreeya/EECE5554/LAB1/install/gps_msgs/share/gps_msgs/cmake/export_gps_msgs__rosidl_typesupport_fastrtps_cExport-noconfig.cmake
[2.776s] -- Installing: /home/shreeya/EECE5554/LAB1/install/gps_msgs/share/gps_msgs/cmake/export_gps_msgs__rosidl_generator_cppExport.cmake
[2.776s] -- Installing: /home/shreeya/EECE5554/LAB1/install/gps_msgs/share/gps_msgs/cmake/export_gps_msgs__rosidl_typesupport_fastrtps_cppExport.cmake
[2.776s] -- Installing: /home/shreeya/EECE5554/LAB1/install/gps_msgs/share/gps_msgs/cmake/export_gps_msgs__rosidl_typesupport_fastrtps_cppExport-noconfig.cmake
[2.776s] -- Installing: /home/shreeya/EECE5554/LAB1/install/gps_msgs/share/gps_msgs/cmake/gps_msgs__rosidl_typesupport_introspection_cExport.cmake
[2.776s] -- Installing: /home/shreeya/EECE5554/LAB1/install/gps_msgs/share/gps_msgs/cmake/gps_msgs__rosidl_typesupport_introspection_cExport-noconfig.cmake
[2.776s] -- Installing: /home/shreeya/EECE5554/LAB1/install/gps_msgs/share/gps_msgs/cmake/gps_msgs__rosidl_typesupport_cExport.cmake
[2.777s] -- Installing: /home/shreeya/EECE5554/LAB1/install/gps_msgs/share/gps_msgs/cmake/gps_msgs__rosidl_typesupport_cExport-noconfig.cmake
[2.777s] -- Installing: /home/shreeya/EECE5554/LAB1/install/gps_msgs/share/gps_msgs/cmake/gps_msgs__rosidl_typesupport_introspection_cppExport.cmake
[2.777s] -- Installing: /home/shreeya/EECE5554/LAB1/install/gps_msgs/share/gps_msgs/cmake/gps_msgs__rosidl_typesupport_introspection_cppExport-noconfig.cmake
[2.777s] -- Installing: /home/shreeya/EECE5554/LAB1/install/gps_msgs/share/gps_msgs/cmake/gps_msgs__rosidl_typesupport_cppExport.cmake
[2.777s] -- Installing: /home/shreeya/EECE5554/LAB1/install/gps_msgs/share/gps_msgs/cmake/gps_msgs__rosidl_typesupport_cppExport-noconfig.cmake
[2.777s] -- Installing: /home/shreeya/EECE5554/LAB1/install/gps_msgs/share/gps_msgs/cmake/export_gps_msgs__rosidl_generator_pyExport.cmake
[2.777s] -- Installing: /home/shreeya/EECE5554/LAB1/install/gps_msgs/share/gps_msgs/cmake/export_gps_msgs__rosidl_generator_pyExport-noconfig.cmake
[2.777s] -- Installing: /home/shreeya/EECE5554/LAB1/install/gps_msgs/share/gps_msgs/cmake/rosidl_cmake-extras.cmake
[2.778s] -- Installing: /home/shreeya/EECE5554/LAB1/install/gps_msgs/share/gps_msgs/cmake/ament_cmake_export_dependencies-extras.cmake
[2.778s] -- Installing: /home/shreeya/EECE5554/LAB1/install/gps_msgs/share/gps_msgs/cmake/ament_cmake_export_include_directories-extras.cmake
[2.778s] -- Installing: /home/shreeya/EECE5554/LAB1/install/gps_msgs/share/gps_msgs/cmake/ament_cmake_export_libraries-extras.cmake
[2.778s] -- Installing: /home/shreeya/EECE5554/LAB1/install/gps_msgs/share/gps_msgs/cmake/ament_cmake_export_targets-extras.cmake
[2.778s] -- Installing: /home/shreeya/EECE5554/LAB1/install/gps_msgs/share/gps_msgs/cmake/rosidl_cmake_export_typesupport_targets-extras.cmake
[2.778s] -- Installing: /home/shreeya/EECE5554/LAB1/install/gps_msgs/share/gps_msgs/cmake/rosidl_cmake_export_typesupport_libraries-extras.cmake
[2.778s] -- Installing: /home/shreeya/EECE5554/LAB1/install/gps_msgs/share/gps_msgs/cmake/gps_msgsConfig.cmake
[2.778s] -- Installing: /home/shreeya/EECE5554/LAB1/install/gps_msgs/share/gps_msgs/cmake/gps_msgsConfig-version.cmake
[2.779s] -- Installing: /home/shreeya/EECE5554/LAB1/install/gps_msgs/share/gps_msgs/package.xml
[2.781s] Invoked command in '/home/shreeya/EECE5554/LAB1/build/gps_msgs' returned '0': CMAKE_PREFIX_PATH=/opt/ros/humble /usr/bin/cmake --install /home/shreeya/EECE5554/LAB1/build/gps_msgs
