[0.008s] Invoking command in '/home/shreeya/EECE5554/LAB1/build/gps_msgs': CMAKE_PREFIX_PATH=${CMAKE_PREFIX_PATH}:/opt/ros/humble /usr/bin/cmake --build /home/shreeya/EECE5554/LAB1/build/gps_msgs -- -j16 -l16
[0.043s] [35m[1mConsolidate compiler generated dependencies of target gps_msgs__rosidl_generator_c[0m
[0.051s] [  3%] Built target gps_msgs__cpp
[0.052s] [ 12%] Built target gps_msgs__rosidl_generator_c
[0.060s] [ 12%] Built target ament_cmake_python_copy_gps_msgs
[0.060s] [35m[1mConsolidate compiler generated dependencies of target gps_msgs__rosidl_typesupport_introspection_cpp[0m
[0.060s] [35m[1mConsolidate compiler generated dependencies of target gps_msgs__rosidl_typesupport_cpp[0m
[0.060s] [35m[1mConsolidate compiler generated dependencies of target gps_msgs__rosidl_typesupport_fastrtps_cpp[0m
[0.070s] [35m[1mConsolidate compiler generated dependencies of target gps_msgs__rosidl_typesupport_c[0m
[0.070s] [35m[1mConsolidate compiler generated dependencies of target gps_msgs__rosidl_typesupport_introspection_c[0m
[0.070s] [35m[1mConsolidate compiler generated dependencies of target gps_msgs__rosidl_typesupport_fastrtps_c[0m
[0.071s] [ 22%] Built target gps_msgs__rosidl_typesupport_cpp
[0.071s] [ 32%] Built target gps_msgs__rosidl_typesupport_fastrtps_cpp
[0.071s] [ 41%] Built target gps_msgs__rosidl_typesupport_introspection_cpp
[0.080s] [ 58%] Built target gps_msgs__rosidl_typesupport_introspection_c
[0.080s] [ 61%] Built target gps_msgs__rosidl_typesupport_c
[0.080s] [ 70%] Built target gps_msgs__rosidl_typesupport_fastrtps_c
[0.099s] [ 70%] Built target gps_msgs
[0.119s] [ 74%] Built target gps_msgs__py
[0.128s] [35m[1mConsolidate compiler generated dependencies of target gps_msgs__rosidl_generator_py[0m
[0.140s] [ 80%] Built target gps_msgs__rosidl_generator_py
[0.150s] [35m[1mConsolidate compiler generated dependencies of target gps_msgs__rosidl_typesupport_c__pyext[0m
[0.150s] [35m[1mConsolidate compiler generated dependencies of target gps_msgs__rosidl_typesupport_fastrtps_c__pyext[0m
[0.150s] [35m[1mConsolidate compiler generated dependencies of target gps_msgs__rosidl_typesupport_introspection_c__pyext[0m
[0.161s] [100%] Built target gps_msgs__rosidl_typesupport_c__pyext
[0.161s] [100%] Built target gps_msgs__rosidl_typesupport_introspection_c__pyext
[0.161s] [100%] Built target gps_msgs__rosidl_typesupport_fastrtps_c__pyext
[0.250s] running egg_info
[0.250s] writing gps_msgs.egg-info/PKG-INFO
[0.251s] writing dependency_links to gps_msgs.egg-info/dependency_links.txt
[0.251s] writing top-level names to gps_msgs.egg-info/top_level.txt
[0.252s] reading manifest file 'gps_msgs.egg-info/SOURCES.txt'
[0.252s] writing manifest file 'gps_msgs.egg-info/SOURCES.txt'
[0.280s] [100%] Built target ament_cmake_python_build_gps_msgs_egg
[0.291s] Invoked command in '/home/shreeya/EECE5554/LAB1/build/gps_msgs' returned '0': CMAKE_PREFIX_PATH=${CMAKE_PREFIX_PATH}:/opt/ros/humble /usr/bin/cmake --build /home/shreeya/EECE5554/LAB1/build/gps_msgs -- -j16 -l16
[0.300s] Invoking command in '/home/shreeya/EECE5554/LAB1/build/gps_msgs': CMAKE_PREFIX_PATH=${CMAKE_PREFIX_PATH}:/opt/ros/humble /usr/bin/cmake --install /home/shreeya/EECE5554/LAB1/build/gps_msgs
[0.307s] -- Install configuration: ""
[0.308s] -- Up-to-date: /home/shreeya/EECE5554/LAB1/install/gps_msgs/share/ament_index/resource_index/rosidl_interfaces/gps_msgs
[0.308s] -- Up-to-date: /home/shreeya/EECE5554/LAB1/install/gps_msgs/include/gps_msgs/gps_msgs
[0.308s] -- Up-to-date: /home/shreeya/EECE5554/LAB1/install/gps_msgs/include/gps_msgs/gps_msgs/msg
[0.308s] -- Up-to-date: /home/shreeya/EECE5554/LAB1/install/gps_msgs/include/gps_msgs/gps_msgs/msg/rosidl_generator_c__visibility_control.h
[0.308s] -- Up-to-date: /home/shreeya/EECE5554/LAB1/install/gps_msgs/include/gps_msgs/gps_msgs/msg/gps_msg.h
[0.308s] -- Up-to-date: /home/shreeya/EECE5554/LAB1/install/gps_msgs/include/gps_msgs/gps_msgs/msg/detail
[0.308s] -- Up-to-date: /home/shreeya/EECE5554/LAB1/install/gps_msgs/include/gps_msgs/gps_msgs/msg/detail/gps_msg__functions.h
[0.308s] -- Up-to-date: /home/shreeya/EECE5554/LAB1/install/gps_msgs/include/gps_msgs/gps_msgs/msg/detail/gps_msg__functions.c
[0.308s] -- Up-to-date: /home/shreeya/EECE5554/LAB1/install/gps_msgs/include/gps_msgs/gps_msgs/msg/detail/gps_msg__type_support.h
[0.308s] -- Up-to-date: /home/shreeya/EECE5554/LAB1/install/gps_msgs/include/gps_msgs/gps_msgs/msg/detail/gps_msg__struct.h
[0.308s] -- Up-to-date: /home/shreeya/EECE5554/LAB1/install/gps_msgs/share/gps_msgs/environment/library_path.sh
[0.308s] -- Up-to-date: /home/shreeya/EECE5554/LAB1/install/gps_msgs/share/gps_msgs/environment/library_path.dsv
[0.308s] -- Up-to-date: /home/shreeya/EECE5554/LAB1/install/gps_msgs/lib/libgps_msgs__rosidl_generator_c.so
[0.308s] -- Up-to-date: /home/shreeya/EECE5554/LAB1/install/gps_msgs/include/gps_msgs/gps_msgs
[0.308s] -- Up-to-date: /home/shreeya/EECE5554/LAB1/install/gps_msgs/include/gps_msgs/gps_msgs/msg
[0.308s] -- Up-to-date: /home/shreeya/EECE5554/LAB1/install/gps_msgs/include/gps_msgs/gps_msgs/msg/rosidl_typesupport_fastrtps_c__visibility_control.h
[0.309s] -- Up-to-date: /home/shreeya/EECE5554/LAB1/install/gps_msgs/include/gps_msgs/gps_msgs/msg/detail
[0.309s] -- Up-to-date: /home/shreeya/EECE5554/LAB1/install/gps_msgs/include/gps_msgs/gps_msgs/msg/detail/gps_msg__rosidl_typesupport_fastrtps_c.h
[0.309s] -- Up-to-date: /home/shreeya/EECE5554/LAB1/install/gps_msgs/lib/libgps_msgs__rosidl_typesupport_fastrtps_c.so
[0.309s] -- Up-to-date: /home/shreeya/EECE5554/LAB1/install/gps_msgs/include/gps_msgs/gps_msgs
[0.309s] -- Up-to-date: /home/shreeya/EECE5554/LAB1/install/gps_msgs/include/gps_msgs/gps_msgs/msg
[0.309s] -- Up-to-date: /home/shreeya/EECE5554/LAB1/install/gps_msgs/include/gps_msgs/gps_msgs/msg/detail
[0.309s] -- Up-to-date: /home/shreeya/EECE5554/LAB1/install/gps_msgs/include/gps_msgs/gps_msgs/msg/detail/gps_msg__traits.hpp
[0.309s] -- Up-to-date: /home/shreeya/EECE5554/LAB1/install/gps_msgs/include/gps_msgs/gps_msgs/msg/detail/gps_msg__type_support.hpp
[0.309s] -- Up-to-date: /home/shreeya/EECE5554/LAB1/install/gps_msgs/include/gps_msgs/gps_msgs/msg/detail/gps_msg__builder.hpp
[0.309s] -- Up-to-date: /home/shreeya/EECE5554/LAB1/install/gps_msgs/include/gps_msgs/gps_msgs/msg/detail/gps_msg__struct.hpp
[0.309s] -- Up-to-date: /home/shreeya/EECE5554/LAB1/install/gps_msgs/include/gps_msgs/gps_msgs/msg/gps_msg.hpp
[0.309s] -- Up-to-date: /home/shreeya/EECE5554/LAB1/install/gps_msgs/include/gps_msgs/gps_msgs/msg/rosidl_generator_cpp__visibility_control.hpp
[0.309s] -- Up-to-date: /home/shreeya/EECE5554/LAB1/install/gps_msgs/include/gps_msgs/gps_msgs
[0.309s] -- Up-to-date: /home/shreeya/EECE5554/LAB1/install/gps_msgs/include/gps_msgs/gps_msgs/msg
[0.309s] -- Up-to-date: /home/shreeya/EECE5554/LAB1/install/gps_msgs/include/gps_msgs/gps_msgs/msg/rosidl_typesupport_fastrtps_cpp__visibility_control.h
[0.309s] -- Up-to-date: /home/shreeya/EECE5554/LAB1/install/gps_msgs/include/gps_msgs/gps_msgs/msg/detail
[0.310s] -- Up-to-date: /home/shreeya/EECE5554/LAB1/install/gps_msgs/include/gps_msgs/gps_msgs/msg/detail/gps_msg__rosidl_typesupport_fastrtps_cpp.hpp
[0.310s] -- Up-to-date: /home/shreeya/EECE5554/LAB1/install/gps_msgs/include/gps_msgs/gps_msgs/msg/detail/dds_fastrtps
[0.310s] -- Up-to-date: /home/shreeya/EECE5554/LAB1/install/gps_msgs/lib/libgps_msgs__rosidl_typesupport_fastrtps_cpp.so
[0.310s] -- Up-to-date: /home/shreeya/EECE5554/LAB1/install/gps_msgs/include/gps_msgs/gps_msgs
[0.310s] -- Up-to-date: /home/shreeya/EECE5554/LAB1/install/gps_msgs/include/gps_msgs/gps_msgs/msg
[0.310s] -- Up-to-date: /home/shreeya/EECE5554/LAB1/install/gps_msgs/include/gps_msgs/gps_msgs/msg/rosidl_typesupport_introspection_c__visibility_control.h
[0.310s] -- Up-to-date: /home/shreeya/EECE5554/LAB1/install/gps_msgs/include/gps_msgs/gps_msgs/msg/detail
[0.310s] -- Up-to-date: /home/shreeya/EECE5554/LAB1/install/gps_msgs/include/gps_msgs/gps_msgs/msg/detail/gps_msg__type_support.c
[0.310s] -- Up-to-date: /home/shreeya/EECE5554/LAB1/install/gps_msgs/include/gps_msgs/gps_msgs/msg/detail/gps_msg__rosidl_typesupport_introspection_c.h
[0.310s] -- Up-to-date: /home/shreeya/EECE5554/LAB1/install/gps_msgs/lib/libgps_msgs__rosidl_typesupport_introspection_c.so
[0.310s] -- Up-to-date: /home/shreeya/EECE5554/LAB1/install/gps_msgs/lib/libgps_msgs__rosidl_typesupport_c.so
[0.310s] -- Up-to-date: /home/shreeya/EECE5554/LAB1/install/gps_msgs/include/gps_msgs/gps_msgs
[0.310s] -- Up-to-date: /home/shreeya/EECE5554/LAB1/install/gps_msgs/include/gps_msgs/gps_msgs/msg
[0.310s] -- Up-to-date: /home/shreeya/EECE5554/LAB1/install/gps_msgs/include/gps_msgs/gps_msgs/msg/detail
[0.310s] -- Up-to-date: /home/shreeya/EECE5554/LAB1/install/gps_msgs/include/gps_msgs/gps_msgs/msg/detail/gps_msg__rosidl_typesupport_introspection_cpp.hpp
[0.310s] -- Up-to-date: /home/shreeya/EECE5554/LAB1/install/gps_msgs/include/gps_msgs/gps_msgs/msg/detail/gps_msg__type_support.cpp
[0.310s] -- Up-to-date: /home/shreeya/EECE5554/LAB1/install/gps_msgs/lib/libgps_msgs__rosidl_typesupport_introspection_cpp.so
[0.310s] -- Up-to-date: /home/shreeya/EECE5554/LAB1/install/gps_msgs/lib/libgps_msgs__rosidl_typesupport_cpp.so
[0.310s] -- Up-to-date: /home/shreeya/EECE5554/LAB1/install/gps_msgs/share/gps_msgs/environment/pythonpath.sh
[0.310s] -- Up-to-date: /home/shreeya/EECE5554/LAB1/install/gps_msgs/share/gps_msgs/environment/pythonpath.dsv
[0.311s] -- Up-to-date: /home/shreeya/EECE5554/LAB1/install/gps_msgs/local/lib/python3.10/dist-packages/gps_msgs-0.0.0-py3.10.egg-info
[0.311s] -- Installing: /home/shreeya/EECE5554/LAB1/install/gps_msgs/local/lib/python3.10/dist-packages/gps_msgs-0.0.0-py3.10.egg-info/top_level.txt
[0.311s] -- Installing: /home/shreeya/EECE5554/LAB1/install/gps_msgs/local/lib/python3.10/dist-packages/gps_msgs-0.0.0-py3.10.egg-info/SOURCES.txt
[0.311s] -- Installing: /home/shreeya/EECE5554/LAB1/install/gps_msgs/local/lib/python3.10/dist-packages/gps_msgs-0.0.0-py3.10.egg-info/PKG-INFO
[0.311s] -- Installing: /home/shreeya/EECE5554/LAB1/install/gps_msgs/local/lib/python3.10/dist-packages/gps_msgs-0.0.0-py3.10.egg-info/dependency_links.txt
[0.311s] -- Up-to-date: /home/shreeya/EECE5554/LAB1/install/gps_msgs/local/lib/python3.10/dist-packages/gps_msgs
[0.311s] -- Up-to-date: /home/shreeya/EECE5554/LAB1/install/gps_msgs/local/lib/python3.10/dist-packages/gps_msgs/gps_msgs_s__rosidl_typesupport_c.cpython-310-x86_64-linux-gnu.so
[0.311s] -- Up-to-date: /home/shreeya/EECE5554/LAB1/install/gps_msgs/local/lib/python3.10/dist-packages/gps_msgs/msg
[0.311s] -- Up-to-date: /home/shreeya/EECE5554/LAB1/install/gps_msgs/local/lib/python3.10/dist-packages/gps_msgs/msg/_gps_msg_s.c
[0.311s] -- Up-to-date: /home/shreeya/EECE5554/LAB1/install/gps_msgs/local/lib/python3.10/dist-packages/gps_msgs/msg/__init__.py
[0.311s] -- Up-to-date: /home/shreeya/EECE5554/LAB1/install/gps_msgs/local/lib/python3.10/dist-packages/gps_msgs/msg/_gps_msg.py
[0.311s] -- Up-to-date: /home/shreeya/EECE5554/LAB1/install/gps_msgs/local/lib/python3.10/dist-packages/gps_msgs/__init__.py
[0.311s] -- Up-to-date: /home/shreeya/EECE5554/LAB1/install/gps_msgs/local/lib/python3.10/dist-packages/gps_msgs/_gps_msgs_s.ep.rosidl_typesupport_introspection_c.c
[0.311s] -- Up-to-date: /home/shreeya/EECE5554/LAB1/install/gps_msgs/local/lib/python3.10/dist-packages/gps_msgs/gps_msgs_s__rosidl_typesupport_introspection_c.cpython-310-x86_64-linux-gnu.so
[0.311s] -- Up-to-date: /home/shreeya/EECE5554/LAB1/install/gps_msgs/local/lib/python3.10/dist-packages/gps_msgs/_gps_msgs_s.ep.rosidl_typesupport_fastrtps_c.c
[0.311s] -- Up-to-date: /home/shreeya/EECE5554/LAB1/install/gps_msgs/local/lib/python3.10/dist-packages/gps_msgs/gps_msgs_s__rosidl_typesupport_fastrtps_c.cpython-310-x86_64-linux-gnu.so
[0.311s] -- Up-to-date: /home/shreeya/EECE5554/LAB1/install/gps_msgs/local/lib/python3.10/dist-packages/gps_msgs/libgps_msgs__rosidl_generator_py.so
[0.311s] -- Up-to-date: /home/shreeya/EECE5554/LAB1/install/gps_msgs/local/lib/python3.10/dist-packages/gps_msgs/_gps_msgs_s.ep.rosidl_typesupport_c.c
[0.335s] Listing '/home/shreeya/EECE5554/LAB1/install/gps_msgs/local/lib/python3.10/dist-packages/gps_msgs'...
[0.335s] Listing '/home/shreeya/EECE5554/LAB1/install/gps_msgs/local/lib/python3.10/dist-packages/gps_msgs/msg'...
[0.339s] -- Up-to-date: /home/shreeya/EECE5554/LAB1/install/gps_msgs/local/lib/python3.10/dist-packages/gps_msgs/gps_msgs_s__rosidl_typesupport_fastrtps_c.cpython-310-x86_64-linux-gnu.so
[0.339s] -- Up-to-date: /home/shreeya/EECE5554/LAB1/install/gps_msgs/local/lib/python3.10/dist-packages/gps_msgs/gps_msgs_s__rosidl_typesupport_introspection_c.cpython-310-x86_64-linux-gnu.so
[0.339s] -- Up-to-date: /home/shreeya/EECE5554/LAB1/install/gps_msgs/local/lib/python3.10/dist-packages/gps_msgs/gps_msgs_s__rosidl_typesupport_c.cpython-310-x86_64-linux-gnu.so
[0.340s] -- Up-to-date: /home/shreeya/EECE5554/LAB1/install/gps_msgs/lib/libgps_msgs__rosidl_generator_py.so
[0.340s] -- Up-to-date: /home/shreeya/EECE5554/LAB1/install/gps_msgs/share/gps_msgs/msg/GpsMsg.idl
[0.340s] -- Up-to-date: /home/shreeya/EECE5554/LAB1/install/gps_msgs/share/gps_msgs/msg/GpsMsg.msg
[0.340s] -- Up-to-date: /home/shreeya/EECE5554/LAB1/install/gps_msgs/share/ament_index/resource_index/package_run_dependencies/gps_msgs
[0.340s] -- Up-to-date: /home/shreeya/EECE5554/LAB1/install/gps_msgs/share/ament_index/resource_index/parent_prefix_path/gps_msgs
[0.340s] -- Up-to-date: /home/shreeya/EECE5554/LAB1/install/gps_msgs/share/gps_msgs/environment/ament_prefix_path.sh
[0.340s] -- Up-to-date: /home/shreeya/EECE5554/LAB1/install/gps_msgs/share/gps_msgs/environment/ament_prefix_path.dsv
[0.340s] -- Up-to-date: /home/shreeya/EECE5554/LAB1/install/gps_msgs/share/gps_msgs/environment/path.sh
[0.340s] -- Up-to-date: /home/shreeya/EECE5554/LAB1/install/gps_msgs/share/gps_msgs/environment/path.dsv
[0.340s] -- Up-to-date: /home/shreeya/EECE5554/LAB1/install/gps_msgs/share/gps_msgs/local_setup.bash
[0.340s] -- Up-to-date: /home/shreeya/EECE5554/LAB1/install/gps_msgs/share/gps_msgs/local_setup.sh
[0.340s] -- Up-to-date: /home/shreeya/EECE5554/LAB1/install/gps_msgs/share/gps_msgs/local_setup.zsh
[0.340s] -- Up-to-date: /home/shreeya/EECE5554/LAB1/install/gps_msgs/share/gps_msgs/local_setup.dsv
[0.340s] -- Installing: /home/shreeya/EECE5554/LAB1/install/gps_msgs/share/gps_msgs/package.dsv
[0.340s] -- Up-to-date: /home/shreeya/EECE5554/LAB1/install/gps_msgs/share/ament_index/resource_index/packages/gps_msgs
[0.340s] -- Up-to-date: /home/shreeya/EECE5554/LAB1/install/gps_msgs/share/gps_msgs/cmake/export_gps_msgs__rosidl_generator_cExport.cmake
[0.341s] -- Up-to-date: /home/shreeya/EECE5554/LAB1/install/gps_msgs/share/gps_msgs/cmake/export_gps_msgs__rosidl_generator_cExport-noconfig.cmake
[0.341s] -- Up-to-date: /home/shreeya/EECE5554/LAB1/install/gps_msgs/share/gps_msgs/cmake/export_gps_msgs__rosidl_typesupport_fastrtps_cExport.cmake
[0.341s] -- Up-to-date: /home/shreeya/EECE5554/LAB1/install/gps_msgs/share/gps_msgs/cmake/export_gps_msgs__rosidl_typesupport_fastrtps_cExport-noconfig.cmake
[0.341s] -- Up-to-date: /home/shreeya/EECE5554/LAB1/install/gps_msgs/share/gps_msgs/cmake/export_gps_msgs__rosidl_generator_cppExport.cmake
[0.341s] -- Up-to-date: /home/shreeya/EECE5554/LAB1/install/gps_msgs/share/gps_msgs/cmake/export_gps_msgs__rosidl_typesupport_fastrtps_cppExport.cmake
[0.341s] -- Up-to-date: /home/shreeya/EECE5554/LAB1/install/gps_msgs/share/gps_msgs/cmake/export_gps_msgs__rosidl_typesupport_fastrtps_cppExport-noconfig.cmake
[0.341s] -- Up-to-date: /home/shreeya/EECE5554/LAB1/install/gps_msgs/share/gps_msgs/cmake/gps_msgs__rosidl_typesupport_introspection_cExport.cmake
[0.341s] -- Up-to-date: /home/shreeya/EECE5554/LAB1/install/gps_msgs/share/gps_msgs/cmake/gps_msgs__rosidl_typesupport_introspection_cExport-noconfig.cmake
[0.341s] -- Up-to-date: /home/shreeya/EECE5554/LAB1/install/gps_msgs/share/gps_msgs/cmake/gps_msgs__rosidl_typesupport_cExport.cmake
[0.341s] -- Up-to-date: /home/shreeya/EECE5554/LAB1/install/gps_msgs/share/gps_msgs/cmake/gps_msgs__rosidl_typesupport_cExport-noconfig.cmake
[0.341s] -- Up-to-date: /home/shreeya/EECE5554/LAB1/install/gps_msgs/share/gps_msgs/cmake/gps_msgs__rosidl_typesupport_introspection_cppExport.cmake
[0.341s] -- Up-to-date: /home/shreeya/EECE5554/LAB1/install/gps_msgs/share/gps_msgs/cmake/gps_msgs__rosidl_typesupport_introspection_cppExport-noconfig.cmake
[0.341s] -- Up-to-date: /home/shreeya/EECE5554/LAB1/install/gps_msgs/share/gps_msgs/cmake/gps_msgs__rosidl_typesupport_cppExport.cmake
[0.341s] -- Up-to-date: /home/shreeya/EECE5554/LAB1/install/gps_msgs/share/gps_msgs/cmake/gps_msgs__rosidl_typesupport_cppExport-noconfig.cmake
[0.341s] -- Up-to-date: /home/shreeya/EECE5554/LAB1/install/gps_msgs/share/gps_msgs/cmake/export_gps_msgs__rosidl_generator_pyExport.cmake
[0.341s] -- Up-to-date: /home/shreeya/EECE5554/LAB1/install/gps_msgs/share/gps_msgs/cmake/export_gps_msgs__rosidl_generator_pyExport-noconfig.cmake
[0.341s] -- Up-to-date: /home/shreeya/EECE5554/LAB1/install/gps_msgs/share/gps_msgs/cmake/rosidl_cmake-extras.cmake
[0.341s] -- Up-to-date: /home/shreeya/EECE5554/LAB1/install/gps_msgs/share/gps_msgs/cmake/ament_cmake_export_dependencies-extras.cmake
[0.341s] -- Up-to-date: /home/shreeya/EECE5554/LAB1/install/gps_msgs/share/gps_msgs/cmake/ament_cmake_export_include_directories-extras.cmake
[0.341s] -- Up-to-date: /home/shreeya/EECE5554/LAB1/install/gps_msgs/share/gps_msgs/cmake/ament_cmake_export_libraries-extras.cmake
[0.342s] -- Up-to-date: /home/shreeya/EECE5554/LAB1/install/gps_msgs/share/gps_msgs/cmake/ament_cmake_export_targets-extras.cmake
[0.342s] -- Up-to-date: /home/shreeya/EECE5554/LAB1/install/gps_msgs/share/gps_msgs/cmake/rosidl_cmake_export_typesupport_targets-extras.cmake
[0.342s] -- Up-to-date: /home/shreeya/EECE5554/LAB1/install/gps_msgs/share/gps_msgs/cmake/rosidl_cmake_export_typesupport_libraries-extras.cmake
[0.342s] -- Up-to-date: /home/shreeya/EECE5554/LAB1/install/gps_msgs/share/gps_msgs/cmake/gps_msgsConfig.cmake
[0.342s] -- Up-to-date: /home/shreeya/EECE5554/LAB1/install/gps_msgs/share/gps_msgs/cmake/gps_msgsConfig-version.cmake
[0.342s] -- Up-to-date: /home/shreeya/EECE5554/LAB1/install/gps_msgs/share/gps_msgs/package.xml
[0.344s] Invoked command in '/home/shreeya/EECE5554/LAB1/build/gps_msgs' returned '0': CMAKE_PREFIX_PATH=${CMAKE_PREFIX_PATH}:/opt/ros/humble /usr/bin/cmake --install /home/shreeya/EECE5554/LAB1/build/gps_msgs
