[0.488s] Invoking command in '/home/shreeya/EECE5554/LAB1/src/gps_driver': PYTHONPATH=/home/shreeya/EECE5554/LAB1/build/gps_driver/prefix_override:/usr/lib/python3/dist-packages/colcon_core/task/python/colcon_distutils_commands:/home/shreeya/EECE5554/LAB1/install/gps_driver/lib/python3.10/site-packages:${PYTHONPATH} /usr/bin/python3 -W ignore:setup.py install is deprecated -W ignore:easy_install command is deprecated setup.py egg_info --egg-base ../../build/gps_driver build --build-base /home/shreeya/EECE5554/LAB1/build/gps_driver/build install --record /home/shreeya/EECE5554/LAB1/build/gps_driver/install.log --single-version-externally-managed install_data
[0.668s] running egg_info
[0.669s] creating ../../build/gps_driver/gps_driver.egg-info
[0.669s] writing ../../build/gps_driver/gps_driver.egg-info/PKG-INFO
[0.669s] writing dependency_links to ../../build/gps_driver/gps_driver.egg-info/dependency_links.txt
[0.669s] writing entry points to ../../build/gps_driver/gps_driver.egg-info/entry_points.txt
[0.669s] writing requirements to ../../build/gps_driver/gps_driver.egg-info/requires.txt
[0.669s] writing top-level names to ../../build/gps_driver/gps_driver.egg-info/top_level.txt
[0.669s] writing manifest file '../../build/gps_driver/gps_driver.egg-info/SOURCES.txt'
[0.670s] reading manifest file '../../build/gps_driver/gps_driver.egg-info/SOURCES.txt'
[0.671s] writing manifest file '../../build/gps_driver/gps_driver.egg-info/SOURCES.txt'
[0.671s] running build
[0.671s] running build_py
[0.671s] creating /home/shreeya/EECE5554/LAB1/build/gps_driver/build
[0.671s] creating /home/shreeya/EECE5554/LAB1/build/gps_driver/build/lib
[0.671s] creating /home/shreeya/EECE5554/LAB1/build/gps_driver/build/lib/gps_driver
[0.671s] copying gps_driver/__init__.py -> /home/shreeya/EECE5554/LAB1/build/gps_driver/build/lib/gps_driver
[0.671s] copying gps_driver/driver.py -> /home/shreeya/EECE5554/LAB1/build/gps_driver/build/lib/gps_driver
[0.671s] running install
[0.672s] running install_lib
[0.672s] creating /home/shreeya/EECE5554/LAB1/install/gps_driver/lib/python3.10/site-packages/gps_driver
[0.672s] copying /home/shreeya/EECE5554/LAB1/build/gps_driver/build/lib/gps_driver/__init__.py -> /home/shreeya/EECE5554/LAB1/install/gps_driver/lib/python3.10/site-packages/gps_driver
[0.672s] copying /home/shreeya/EECE5554/LAB1/build/gps_driver/build/lib/gps_driver/driver.py -> /home/shreeya/EECE5554/LAB1/install/gps_driver/lib/python3.10/site-packages/gps_driver
[0.673s] byte-compiling /home/shreeya/EECE5554/LAB1/install/gps_driver/lib/python3.10/site-packages/gps_driver/__init__.py to __init__.cpython-310.pyc
[0.673s] byte-compiling /home/shreeya/EECE5554/LAB1/install/gps_driver/lib/python3.10/site-packages/gps_driver/driver.py to driver.cpython-310.pyc
[0.674s] running install_data
[0.674s] creating /home/shreeya/EECE5554/LAB1/install/gps_driver/share/gps_driver/launch
[0.674s] copying launch/gps_launch.py -> /home/shreeya/EECE5554/LAB1/install/gps_driver/share/gps_driver/launch
[0.674s] running install_egg_info
[0.675s] Copying ../../build/gps_driver/gps_driver.egg-info to /home/shreeya/EECE5554/LAB1/install/gps_driver/lib/python3.10/site-packages/gps_driver-0.0.0-py3.10.egg-info
[0.676s] running install_scripts
[0.691s] Installing gps_driver script to /home/shreeya/EECE5554/LAB1/install/gps_driver/lib/gps_driver
[0.691s] writing list of installed files to '/home/shreeya/EECE5554/LAB1/build/gps_driver/install.log'
[0.717s] Invoked command in '/home/shreeya/EECE5554/LAB1/src/gps_driver' returned '0': PYTHONPATH=/home/shreeya/EECE5554/LAB1/build/gps_driver/prefix_override:/usr/lib/python3/dist-packages/colcon_core/task/python/colcon_distutils_commands:/home/shreeya/EECE5554/LAB1/install/gps_driver/lib/python3.10/site-packages:${PYTHONPATH} /usr/bin/python3 -W ignore:setup.py install is deprecated -W ignore:easy_install command is deprecated setup.py egg_info --egg-base ../../build/gps_driver build --build-base /home/shreeya/EECE5554/LAB1/build/gps_driver/build install --record /home/shreeya/EECE5554/LAB1/build/gps_driver/install.log --single-version-externally-managed install_data
